<?xml version="1.0" encoding="UTF-8"?>
<testsuite xmlns:xsi="http://www.w3.org/2001/XMLSchema-instance" xsi:noNamespaceSchemaLocation="https://maven.apache.org/surefire/maven-failsafe-plugin/xsd/failsafe-test-report-3.0.xsd" version="3.0" name="Login Page feature validation" time="12.031" tests="3" errors="0" skipped="0" failures="3">
  <properties>
[...]
</properties>
  <testcase name="TC01_LoginPage forgot password Link check" classname="Login Page feature validation" time="5.262">
    <failure message="expected:&lt;[Login - My Store]&gt; but was:&lt;[Account Suspended]&gt;" type="org.junit.ComparisonFailure"><![CDATA[org.junit.ComparisonFailure: expected:<[Login - My Store]> but was:<[Account Suspended]>
	at org.junit.Assert.assertEquals(Assert.java:117)
	at org.junit.Assert.assertEquals(Assert.java:146)
	at com.stepdefinations.LoginSteps.userOnLoginPage(LoginSteps.java:33)
	at ✽.User is on Login Page "Login - My Store"(file:///C:/Users/ASUS/AutomationWorkSpace/CucumberBDDFramework/src/test/resources/com/featrues/LoginPage.feature:5)
]]></failure>
    <system-out><![CDATA[
@LoginPage
Scenario: TC01_LoginPage forgot password Link check # src/test/resources/com/featrues/LoginPage.feature:4
Configure Browser is chrome
Login Page title is :Account Suspended
  Given User is on Login Page "Login - My Store"    # com.stepdefinations.LoginSteps.userOnLoginPage(java.lang.String)
      org.junit.ComparisonFailure: expected:<[Login - My Store]> but was:<[Account Suspended]>
	at org.junit.Assert.assertEquals(Assert.java:117)
	at org.junit.Assert.assertEquals(Assert.java:146)
	at com.stepdefinations.LoginSteps.userOnLoginPage(LoginSteps.java:33)
	at âœ½.User is on Login Page "Login - My Store"(file:///C:/Users/ASUS/AutomationWorkSpace/CucumberBDDFramework/src/test/resources/com/featrues/LoginPage.feature:5)

  Then The Forgot password link should be displayed # com.stepdefinations.LoginSteps.forgotPasswordLink()

    Embedding TC01_LoginPage_forgot_password_Link_check [image/png 55913 bytes]

]]></system-out>
    <system-err><![CDATA[SLF4J: Failed to load class "org.slf4j.impl.StaticLoggerBinder".
SLF4J: Defaulting to no-operation (NOP) logger implementation
SLF4J: See http://www.slf4j.org/codes.html#StaticLoggerBinder for further details.
Starting ChromeDriver 114.0.5735.90 (386bc09e8f4f2e025eddae123f36f6263096ae49-refs/branch-heads/5735@{#1052}) on port 24988
Only local connections are allowed.
Please see https://chromedriver.chromium.org/security-considerations for suggestions on keeping ChromeDriver safe.
ChromeDriver was started successfully.
Jul 04, 2023 12:01:32 PM org.openqa.selenium.remote.ProtocolHandshake createSession
INFO: Detected dialect: W3C
]]></system-err>
  </testcase>
  <testcase name="TC02_LoginPage Create an Account section check" classname="Login Page feature validation" time="3.393">
    <failure message="expected:&lt;[Login - My Store]&gt; but was:&lt;[Account Suspended]&gt;" type="org.junit.ComparisonFailure"><![CDATA[org.junit.ComparisonFailure: expected:<[Login - My Store]> but was:<[Account Suspended]>
	at org.junit.Assert.assertEquals(Assert.java:117)
	at org.junit.Assert.assertEquals(Assert.java:146)
	at com.stepdefinations.LoginSteps.userOnLoginPage(LoginSteps.java:33)
	at ✽.User is on Login Page "Login - My Store"(file:///C:/Users/ASUS/AutomationWorkSpace/CucumberBDDFramework/src/test/resources/com/featrues/LoginPage.feature:9)
]]></failure>
    <system-out><![CDATA[
@LoginPage
Scenario: TC02_LoginPage Create an Account section check # src/test/resources/com/featrues/LoginPage.feature:8
Configure Browser is chrome
Login Page title is :Account Suspended
  Given User is on Login Page "Login - My Store"         # com.stepdefinations.LoginSteps.userOnLoginPage(java.lang.String)
      org.junit.ComparisonFailure: expected:<[Login - My Store]> but was:<[Account Suspended]>
	at org.junit.Assert.assertEquals(Assert.java:117)
	at org.junit.Assert.assertEquals(Assert.java:146)
	at com.stepdefinations.LoginSteps.userOnLoginPage(LoginSteps.java:33)
	at âœ½.User is on Login Page "Login - My Store"(file:///C:/Users/ASUS/AutomationWorkSpace/CucumberBDDFramework/src/test/resources/com/featrues/LoginPage.feature:9)

  Then User able to see create an account section        # com.stepdefinations.LoginSteps.createNewAccountSection()
  And It has Email Address text box and its editable     # com.stepdefinations.LoginSteps.emailAddressTextBoxInCreateAnAccountSection()
  And It has Create An Account button  and its enabled   # com.stepdefinations.LoginSteps.createAnAccountBtnInCreateAnAccountSection()

    Embedding TC02_LoginPage_Create_an_Account_section_check [image/png 55774 bytes]

]]></system-out>
    <system-err><![CDATA[Starting ChromeDriver 114.0.5735.90 (386bc09e8f4f2e025eddae123f36f6263096ae49-refs/branch-heads/5735@{#1052}) on port 38264
Only local connections are allowed.
Please see https://chromedriver.chromium.org/security-considerations for suggestions on keeping ChromeDriver safe.
ChromeDriver was started successfully.
Jul 04, 2023 12:01:36 PM org.openqa.selenium.remote.ProtocolHandshake createSession
INFO: Detected dialect: W3C
]]></system-err>
  </testcase>
  <testcase name="TC03_Login with correct credential and check landing page is My Account" classname="Login Page feature validation" time="3.375">
    <failure message="expected:&lt;[Login - My Store]&gt; but was:&lt;[Account Suspended]&gt;" type="org.junit.ComparisonFailure"><![CDATA[org.junit.ComparisonFailure: expected:<[Login - My Store]> but was:<[Account Suspended]>
	at org.junit.Assert.assertEquals(Assert.java:117)
	at org.junit.Assert.assertEquals(Assert.java:146)
	at com.stepdefinations.LoginSteps.userOnLoginPage(LoginSteps.java:33)
	at ✽.User is on Login Page "Login - My Store"(file:///C:/Users/ASUS/AutomationWorkSpace/CucumberBDDFramework/src/test/resources/com/featrues/LoginPage.feature:15)
]]></failure>
    <system-out><![CDATA[
@LoginPage
Scenario: TC03_Login with correct credential and check landing page is My Account # src/test/resources/com/featrues/LoginPage.feature:14
Configure Browser is chrome
Login Page title is :Account Suspended
  Given User is on Login Page "Login - My Store"                                  # com.stepdefinations.LoginSteps.userOnLoginPage(java.lang.String)
      org.junit.ComparisonFailure: expected:<[Login - My Store]> but was:<[Account Suspended]>
	at org.junit.Assert.assertEquals(Assert.java:117)
	at org.junit.Assert.assertEquals(Assert.java:146)
	at com.stepdefinations.LoginSteps.userOnLoginPage(LoginSteps.java:33)
	at âœ½.User is on Login Page "Login - My Store"(file:///C:/Users/ASUS/AutomationWorkSpace/CucumberBDDFramework/src/test/resources/com/featrues/LoginPage.feature:15)

  When User Enter Username as "pradyumnna.satapathy@outlook.com"                  # com.stepdefinations.LoginSteps.enterUserName(java.lang.String)
  Then User Enter Password as "Automation@1234"                                   # com.stepdefinations.LoginSteps.enterPassWord(java.lang.String)
  And User click on Signin button                                                 # com.stepdefinations.LoginSteps.userClickLogin()
  Then User should laned to the "My account - My Store" Page                      # com.stepdefinations.LoginSteps.landingPage(java.lang.String)

    Embedding TC03_Login_with_correct_credential_and_check_landing_page_is_My_Account [image/png 55774 bytes]

]]></system-out>
    <system-err><![CDATA[Starting ChromeDriver 114.0.5735.90 (386bc09e8f4f2e025eddae123f36f6263096ae49-refs/branch-heads/5735@{#1052}) on port 21146
Only local connections are allowed.
Please see https://chromedriver.chromium.org/security-considerations for suggestions on keeping ChromeDriver safe.
ChromeDriver was started successfully.
Jul 04, 2023 12:01:40 PM org.openqa.selenium.remote.ProtocolHandshake createSession
INFO: Detected dialect: W3C
]]></system-err>
  </testcase>
</testsuite>